2020-06-17 09:14:53.729  INFO 8056 --- [restartedMain] textsVocal.web.MainRythmWebApplication   : Starting MainRythmWebApplication on DESKTOP-ED2VFFA with PID 8056 (started by Геннадий in C:\Users\Геннадий\IdeaProjects\RythmStructureOfText)
2020-06-17 09:14:53.854  INFO 8056 --- [restartedMain] textsVocal.web.MainRythmWebApplication   : No active profile set, falling back to default profiles: default
2020-06-17 09:14:55.032  INFO 8056 --- [restartedMain] .e.DevToolsPropertyDefaultsPostProcessor : Devtools property defaults active! Set 'spring.devtools.add-properties' to 'false' to disable
2020-06-17 09:14:55.035  INFO 8056 --- [restartedMain] .e.DevToolsPropertyDefaultsPostProcessor : For additional web related logging consider setting the 'logging.level.web' property to 'DEBUG'
2020-06-17 09:15:04.475  INFO 8056 --- [restartedMain] o.s.b.w.embedded.tomcat.TomcatWebServer  : Tomcat initialized with port(s): 8080 (http)
2020-06-17 09:15:04.617  INFO 8056 --- [restartedMain] o.apache.catalina.core.StandardService   : Starting service [Tomcat]
2020-06-17 09:15:04.618  INFO 8056 --- [restartedMain] org.apache.catalina.core.StandardEngine  : Starting Servlet engine: [Apache Tomcat/9.0.30]
2020-06-17 09:15:05.294  INFO 8056 --- [restartedMain] o.a.c.c.C.[Tomcat].[localhost].[/]       : Initializing Spring embedded WebApplicationContext
2020-06-17 09:15:05.295  INFO 8056 --- [restartedMain] o.s.web.context.ContextLoader            : Root WebApplicationContext: initialization completed in 10260 ms
2020-06-17 09:15:06.465  INFO 8056 --- [restartedMain] o.s.s.concurrent.ThreadPoolTaskExecutor  : Initializing ExecutorService 'applicationTaskExecutor'
2020-06-17 09:15:07.758  INFO 8056 --- [restartedMain] o.s.b.d.a.OptionalLiveReloadServer       : LiveReload server is running on port 35729
2020-06-17 09:15:07.973  INFO 8056 --- [restartedMain] o.s.b.w.embedded.tomcat.TomcatWebServer  : Tomcat started on port(s): 8080 (http) with context path ''
2020-06-17 09:15:08.081  INFO 8056 --- [restartedMain] textsVocal.web.MainRythmWebApplication   : Started MainRythmWebApplication in 16.814 seconds (JVM running for 23.219)
2020-06-17 09:16:01.091  INFO 8056 --- [http-nio-8080-exec-1] o.a.c.c.C.[Tomcat].[localhost].[/]       : Initializing Spring DispatcherServlet 'dispatcherServlet'
2020-06-17 09:16:01.091  INFO 8056 --- [http-nio-8080-exec-1] o.s.web.servlet.DispatcherServlet        : Initializing Servlet 'dispatcherServlet'
2020-06-17 09:16:01.265  INFO 8056 --- [http-nio-8080-exec-1] o.s.web.servlet.DispatcherServlet        : Completed initialization in 84 ms
2020-06-17 09:16:01.417  INFO 8056 --- [http-nio-8080-exec-1] t.w.c.SetAnalysisAttributesController    : Entrance from http://localhost:8080/home
2020-06-17 09:16:11.255  INFO 8056 --- [http-nio-8080-exec-4] t.w.c.SetAnalysisAttributesController    : Entrance from http://localhost:8080/home
2020-06-17 09:18:42.128  INFO 13036 --- [restartedMain] textsVocal.web.MainRythmWebApplication   : Starting MainRythmWebApplication on DESKTOP-ED2VFFA with PID 13036 (started by Геннадий in C:\Users\Геннадий\IdeaProjects\RythmStructureOfText)
2020-06-17 09:18:42.138  INFO 13036 --- [restartedMain] textsVocal.web.MainRythmWebApplication   : No active profile set, falling back to default profiles: default
2020-06-17 09:18:42.824  INFO 13036 --- [restartedMain] .e.DevToolsPropertyDefaultsPostProcessor : Devtools property defaults active! Set 'spring.devtools.add-properties' to 'false' to disable
2020-06-17 09:18:43.035  INFO 13036 --- [restartedMain] .e.DevToolsPropertyDefaultsPostProcessor : For additional web related logging consider setting the 'logging.level.web' property to 'DEBUG'
2020-06-17 09:18:52.735  INFO 13036 --- [restartedMain] o.s.b.w.embedded.tomcat.TomcatWebServer  : Tomcat initialized with port(s): 8080 (http)
2020-06-17 09:18:52.770  INFO 13036 --- [restartedMain] o.apache.catalina.core.StandardService   : Starting service [Tomcat]
2020-06-17 09:18:52.773  INFO 13036 --- [restartedMain] org.apache.catalina.core.StandardEngine  : Starting Servlet engine: [Apache Tomcat/9.0.30]
2020-06-17 09:18:53.424  INFO 13036 --- [restartedMain] o.a.c.c.C.[Tomcat].[localhost].[/]       : Initializing Spring embedded WebApplicationContext
2020-06-17 09:18:53.426  INFO 13036 --- [restartedMain] o.s.web.context.ContextLoader            : Root WebApplicationContext: initialization completed in 10300 ms
2020-06-17 09:18:54.883  INFO 13036 --- [restartedMain] o.s.s.concurrent.ThreadPoolTaskExecutor  : Initializing ExecutorService 'applicationTaskExecutor'
2020-06-17 09:18:55.650  INFO 13036 --- [restartedMain] o.s.b.d.a.OptionalLiveReloadServer       : LiveReload server is running on port 35729
2020-06-17 09:18:55.760  INFO 13036 --- [restartedMain] o.s.b.w.embedded.tomcat.TomcatWebServer  : Tomcat started on port(s): 8080 (http) with context path ''
2020-06-17 09:18:55.768  INFO 13036 --- [restartedMain] textsVocal.web.MainRythmWebApplication   : Started MainRythmWebApplication in 16.152 seconds (JVM running for 18.649)
2020-06-17 09:19:47.035  INFO 13036 --- [http-nio-8080-exec-10] o.a.c.c.C.[Tomcat].[localhost].[/]       : Initializing Spring DispatcherServlet 'dispatcherServlet'
2020-06-17 09:19:47.047  INFO 13036 --- [http-nio-8080-exec-10] o.s.web.servlet.DispatcherServlet        : Initializing Servlet 'dispatcherServlet'
2020-06-17 09:19:47.064  INFO 13036 --- [http-nio-8080-exec-10] o.s.web.servlet.DispatcherServlet        : Completed initialization in 15 ms
2020-06-17 09:19:47.145  INFO 13036 --- [http-nio-8080-exec-10] t.w.c.SetAnalysisAttributesController    : Entrance from http://localhost:8080/home
2020-06-17 09:19:55.070  INFO 13036 --- [http-nio-8080-exec-9] t.w.c.SetAnalysisAttributesController    : Entrance from http://localhost:8080/home
2020-06-17 09:20:08.823  INFO 13036 --- [http-nio-8080-exec-7] t.w.c.SetAnalysisAttributesController    : Entrance from http://localhost:8080/home
2020-06-17 09:20:32.189  INFO 13036 --- [http-nio-8080-exec-5] t.w.c.SetAnalysisAttributesController    : Entrance from http://127.65.0.5:8080/home
2020-06-17 09:20:35.020  INFO 13036 --- [http-nio-8080-exec-3] t.w.c.SetAnalysisAttributesController    : Entrance from http://127.65.0.5:8080/home
2020-06-17 09:22:08.438  INFO 13036 --- [http-nio-8080-exec-9] t.w.c.SetAnalysisAttributesController    : Entrance from http://127.65.0.5:8080/home
2020-06-17 09:23:49.367  INFO 13036 --- [http-nio-8080-exec-6] t.w.c.SetAnalysisAttributesController    : Entrance from http://127.65.0.5:8080/home
